<?xml version="1.0" encoding="UTF-8"?>
<!-- Generated by org.testng.reporters.JUnitReportReporter -->
<testsuite hostname="PC155" failures="0" tests="1" name="ede_qa_tests.TestCase2_B" time="1794.336" errors="0" timestamp="2021-03-29T23:48:57 PKT" skipped="0">
  <testcase classname="ede_qa_tests.TestCase2_B" name="testCase2_B" time="1794.336"/>
  <system-out/>
</testsuite> <!-- ede_qa_tests.TestCase2_B -->
