<?xml version="1.0" encoding="UTF-8"?>
<!-- Generated by org.testng.reporters.JUnitReportReporter -->
<testsuite hostname="JIG-DEV-VDIVM18" failures="0" tests="1" name="ede_partner_testcases4.TestCase_120" time="330.870" errors="0" timestamp="2024-06-05T18:23:22 EDT" skipped="0">
  <testcase classname="ede_partner_testcases4.TestCase_120" name="testCase_120" time="330.870"/>
  <system-out/>
</testsuite> <!-- ede_partner_testcases4.TestCase_120 -->
