<?xml version="1.0" encoding="UTF-8"?>
<!-- Generated by org.testng.reporters.JUnitReportReporter -->
<testsuite hostname="JIG-DEV-VDIVM18" failures="0" tests="1" name="ede_partner_testcases3.TestCase_61" time="287.479" errors="0" timestamp="2024-06-01T15:00:44 EDT" skipped="0">
  <testcase classname="ede_partner_testcases3.TestCase_61" name="testCase_61" time="287.479"/>
  <system-out/>
</testsuite> <!-- ede_partner_testcases3.TestCase_61 -->
