<?xml version="1.0" encoding="UTF-8"?>
<!-- Generated by org.testng.reporters.JUnitReportReporter -->
<testsuite hostname="EDE-DEV-VM4" failures="0" tests="1" name="ede_partner_testcases4.TestCase_117" time="298.684" errors="0" timestamp="2024-05-15T08:36:19 PDT" skipped="0">
  <testcase classname="ede_partner_testcases4.TestCase_117" name="testCase_117" time="298.684"/>
  <system-out/>
</testsuite> <!-- ede_partner_testcases4.TestCase_117 -->
