<?xml version="1.0" encoding="UTF-8"?>
<!-- Generated by org.testng.reporters.JUnitReportReporter -->
<testsuite hostname="EDE-DEV-VM4" failures="0" tests="1" name="ede_partner_testcases4.TestCase_153" time="237.521" errors="0" timestamp="2024-05-15T12:11:33 PDT" skipped="0">
  <testcase classname="ede_partner_testcases4.TestCase_153" name="testCase_153" time="237.521"/>
  <system-out/>
</testsuite> <!-- ede_partner_testcases4.TestCase_153 -->
