<?xml version="1.0" encoding="UTF-8"?>
<!-- Generated by org.testng.reporters.JUnitReportReporter -->
<testsuite hostname="JIG-DEV-VDIVM18" failures="0" tests="1" name="ede_partner_testcases3.TestCase_79" time="258.225" errors="0" timestamp="2024-06-03T15:46:01 EDT" skipped="0">
  <testcase classname="ede_partner_testcases3.TestCase_79" name="testCase_79" time="258.225"/>
  <system-out/>
</testsuite> <!-- ede_partner_testcases3.TestCase_79 -->
