<?xml version="1.0" encoding="UTF-8"?>
<!-- Generated by org.testng.reporters.JUnitReportReporter -->
<testsuite hostname="EDE-DEV-VM4" failures="0" tests="1" name="ede_partner_testcases4.TestCase_41" time="413.234" errors="0" timestamp="2024-05-17T12:15:10 PDT" skipped="0">
  <testcase classname="ede_partner_testcases4.TestCase_41" name="TestCase_41" time="413.234"/>
  <system-out/>
</testsuite> <!-- ede_partner_testcases4.TestCase_41 -->
