<?xml version="1.0" encoding="UTF-8"?>
<!-- Generated by org.testng.reporters.JUnitReportReporter -->
<testsuite hostname="EDE-DEV-VM4" failures="0" tests="1" name="ede_partner_testcases3.TestCase_89" time="174.064" errors="0" timestamp="2023-12-22T01:05:56 PST" skipped="0">
  <testcase classname="ede_partner_testcases3.TestCase_89" name="testCase_89" time="174.064"/>
  <system-out/>
</testsuite> <!-- ede_partner_testcases3.TestCase_89 -->
