<?xml version="1.0" encoding="UTF-8"?>
<!-- Generated by org.testng.reporters.JUnitReportReporter -->
<testsuite hostname="JIG-DEV-VDIVM18" failures="0" tests="1" name="ede_partner_testcases3.TestCase_60" time="235.511" errors="0" timestamp="2024-06-01T14:55:13 EDT" skipped="0">
  <testcase classname="ede_partner_testcases3.TestCase_60" name="testCase_60" time="235.511"/>
  <system-out/>
</testsuite> <!-- ede_partner_testcases3.TestCase_60 -->
