<?xml version="1.0" encoding="UTF-8"?>
<!-- Generated by org.testng.reporters.JUnitReportReporter -->
<testsuite hostname="EDE-DEV-VM4" failures="0" tests="1" name="SanityTCs.TestCase_113" time="328.983" errors="0" timestamp="2023-12-21T03:53:31 PST" skipped="0">
  <testcase classname="SanityTCs.TestCase_113" name="testCase_113" time="328.983"/>
  <system-out/>
</testsuite> <!-- SanityTCs.TestCase_113 -->
