<?xml version="1.0" encoding="UTF-8"?>
<!-- Generated by org.testng.reporters.JUnitReportReporter -->
<testsuite hostname="EDE-DEV-VM4" failures="0" tests="1" name="ede_partner_testcases.TestCase_173" time="373.518" errors="0" timestamp="2023-12-04T10:47:47 PST" skipped="0">
  <testcase classname="ede_partner_testcases.TestCase_173" name="testCase_173" time="373.518"/>
  <system-out/>
</testsuite> <!-- ede_partner_testcases.TestCase_173 -->
