<?xml version="1.0" encoding="UTF-8"?>
<!-- Generated by org.testng.reporters.JUnitReportReporter -->
<testsuite hostname="EDE-DEV-VM4" failures="0" tests="1" name="ede_partner_testcases4.TestCase_28" time="268.274" errors="0" timestamp="2024-02-13T08:41:02 PST" skipped="0">
  <testcase classname="ede_partner_testcases4.TestCase_28" name="TestCase_28" time="268.274"/>
  <system-out/>
</testsuite> <!-- ede_partner_testcases4.TestCase_28 -->
