<?xml version="1.0" encoding="UTF-8"?>
<!-- Generated by org.testng.reporters.JUnitReportReporter -->
<testsuite hostname="EDE-DEV-VM4" failures="0" tests="1" name="ede_partner_testcases.TestCase_120" time="541.870" errors="0" timestamp="2023-12-01T06:53:06 PST" skipped="0">
  <testcase classname="ede_partner_testcases.TestCase_120" name="testCase_120" time="541.870"/>
  <system-out/>
</testsuite> <!-- ede_partner_testcases.TestCase_120 -->
