<?xml version="1.0" encoding="UTF-8"?>
<!-- Generated by org.testng.reporters.JUnitReportReporter -->
<testsuite hostname="JIG-DEV-VDIVM18" failures="0" tests="1" name="ede_partner_testcases.TestCase_135" time="319.122" errors="0" timestamp="2024-06-05T13:50:06 EDT" skipped="0">
  <testcase classname="ede_partner_testcases.TestCase_135" name="testCase_135" time="319.122"/>
  <system-out/>
</testsuite> <!-- ede_partner_testcases.TestCase_135 -->
