<?xml version="1.0" encoding="UTF-8"?>
<!-- Generated by org.testng.reporters.JUnitReportReporter -->
<testsuite hostname="EDE-DEV-VM4" failures="0" tests="1" name="ede_partner_testcases3.TestCase_90" time="312.300" errors="0" timestamp="2023-12-13T04:13:43 PST" skipped="0">
  <testcase classname="ede_partner_testcases3.TestCase_90" name="testCase_90" time="312.300"/>
  <system-out/>
</testsuite> <!-- ede_partner_testcases3.TestCase_90 -->
