<?xml version="1.0" encoding="UTF-8"?>
<!-- Generated by org.testng.reporters.JUnitReportReporter -->
<testsuite hostname="EDE-DEV-VM3" failures="0" tests="1" name="ede_ph_1.TestCase1_E" time="596.772" errors="0" timestamp="2023-09-19T10:38:05 PDT" skipped="0">
  <testcase classname="ede_ph_1.TestCase1_E" name="testCase1_E" time="596.772"/>
  <system-out/>
</testsuite> <!-- ede_ph_1.TestCase1_E -->
