<?xml version="1.0" encoding="UTF-8"?>
<!-- Generated by org.testng.reporters.JUnitReportReporter -->
<testsuite hostname="EDE-DEV-VM4" failures="0" tests="1" name="ede_partner_testcases4.TestCase_42" time="220.963" errors="0" timestamp="2024-05-17T11:32:35 PDT" skipped="0">
  <testcase classname="ede_partner_testcases4.TestCase_42" name="testCase_42" time="220.963"/>
  <system-out/>
</testsuite> <!-- ede_partner_testcases4.TestCase_42 -->
