<?xml version="1.0" encoding="UTF-8"?>
<!-- Generated by org.testng.reporters.JUnitReportReporter -->
<testsuite hostname="EDE-DEV-VM4" failures="0" tests="1" name="ede_partner_testcases.TestCase_87" time="335.332" errors="0" timestamp="2023-12-11T09:21:23 PST" skipped="0">
  <testcase classname="ede_partner_testcases.TestCase_87" name="testCase_87" time="335.332"/>
  <system-out/>
</testsuite> <!-- ede_partner_testcases.TestCase_87 -->
