<?xml version="1.0" encoding="UTF-8"?>
<!-- Generated by org.testng.reporters.JUnitReportReporter -->
<testsuite hostname="JIG-DEV-VDIVM18" failures="0" tests="1" name="ede_partner_testcases4.TestCase_50" time="311.799" errors="0" timestamp="2024-05-31T13:38:02 EDT" skipped="0">
  <testcase classname="ede_partner_testcases4.TestCase_50" name="testCase_50" time="311.799"/>
  <system-out/>
</testsuite> <!-- ede_partner_testcases4.TestCase_50 -->
