<?xml version="1.0" encoding="UTF-8"?>
<!-- Generated by org.testng.reporters.JUnitReportReporter -->
<testsuite hostname="EDE-DEV-VM4" failures="0" tests="1" name="ede_partner_testcases.TestCase_167" time="647.915" errors="0" timestamp="2023-12-04T07:52:06 PST" skipped="0">
  <testcase classname="ede_partner_testcases.TestCase_167" name="testCase_167" time="647.915"/>
  <system-out/>
</testsuite> <!-- ede_partner_testcases.TestCase_167 -->
