<?xml version="1.0" encoding="UTF-8"?>
<!-- Generated by org.testng.reporters.JUnitReportReporter -->
<testsuite hostname="JIG-DEV-VDIVM18" failures="0" tests="1" name="ede_partner_testcases3.TestCase_76" time="285.742" errors="0" timestamp="2024-06-03T13:11:56 EDT" skipped="0">
  <testcase classname="ede_partner_testcases3.TestCase_76" name="testCase_76" time="285.742"/>
  <system-out/>
</testsuite> <!-- ede_partner_testcases3.TestCase_76 -->
