<?xml version="1.0" encoding="UTF-8"?>
<!-- Generated by org.testng.reporters.JUnitReportReporter -->
<testsuite hostname="EDE-DEV-VM4" failures="0" tests="1" name="ede_partner_testcases4.TestCase_150" time="342.604" errors="0" timestamp="2024-05-21T05:01:16 PDT" skipped="0">
  <testcase classname="ede_partner_testcases4.TestCase_150" name="TestCase_150" time="342.604"/>
  <system-out/>
</testsuite> <!-- ede_partner_testcases4.TestCase_150 -->
