<?xml version="1.0" encoding="UTF-8"?>
<!-- Generated by org.testng.reporters.JUnitReportReporter -->
<testsuite hostname="EDE-DEV-VM4" failures="0" tests="1" name="ede_partner_testcases.TestCase_39" time="477.655" errors="0" timestamp="2023-11-30T09:18:15 PST" skipped="0">
  <testcase classname="ede_partner_testcases.TestCase_39" name="testCase_39" time="477.655"/>
  <system-out/>
</testsuite> <!-- ede_partner_testcases.TestCase_39 -->
