<?xml version="1.0" encoding="UTF-8"?>
<!-- Generated by org.testng.reporters.JUnitReportReporter -->
<testsuite hostname="PC155" failures="0" tests="1" name="ede_partner_testcases.TestCase_181" time="1820.896" errors="0" timestamp="2022-03-16T23:29:12 PKT" skipped="0">
  <testcase classname="ede_partner_testcases.TestCase_181" name="testCase_181" time="1820.896"/>
  <system-out/>
</testsuite> <!-- ede_partner_testcases.TestCase_181 -->
