<?xml version="1.0" encoding="UTF-8"?>
<!-- Generated by org.testng.reporters.JUnitReportReporter -->
<testsuite hostname="EDE-DEV-VM4" failures="0" tests="1" name="SanityTCs.TestCase_91" time="237.265" errors="0" timestamp="2023-12-21T00:20:43 PST" skipped="0">
  <testcase classname="SanityTCs.TestCase_91" name="testCase_91" time="237.265"/>
  <system-out/>
</testsuite> <!-- SanityTCs.TestCase_91 -->
