<?xml version="1.0" encoding="UTF-8"?>
<!-- Generated by org.testng.reporters.JUnitReportReporter -->
<testsuite hostname="EDE-DEV-VM4" failures="0" tests="1" name="ede_partner_testcases4.TestCase_116" time="235.339" errors="0" timestamp="2024-05-15T08:29:27 PDT" skipped="0">
  <testcase classname="ede_partner_testcases4.TestCase_116" name="testCase_116" time="235.339"/>
  <system-out/>
</testsuite> <!-- ede_partner_testcases4.TestCase_116 -->
