<?xml version="1.0" encoding="UTF-8"?>
<!-- Generated by org.testng.reporters.JUnitReportReporter -->
<testsuite hostname="EDE-DEV-VM4" failures="0" tests="1" name="ede_partner_testcases4.TestCase_109" time="185.938" errors="0" timestamp="2024-05-15T07:32:19 PDT" skipped="0">
  <testcase classname="ede_partner_testcases4.TestCase_109" name="testCase_109" time="185.938"/>
  <system-out/>
</testsuite> <!-- ede_partner_testcases4.TestCase_109 -->
