<?xml version="1.0" encoding="UTF-8"?>
<!-- Generated by org.testng.reporters.JUnitReportReporter -->
<testsuite hostname="EDE-DEV-VM4" failures="0" tests="1" name="ede_partner_testcases4.TestCase_174" time="266.774" errors="0" timestamp="2024-05-17T05:40:36 PDT" skipped="0">
  <testcase classname="ede_partner_testcases4.TestCase_174" name="testCase_174" time="266.774"/>
  <system-out/>
</testsuite> <!-- ede_partner_testcases4.TestCase_174 -->
