<?xml version="1.0" encoding="UTF-8"?>
<!-- Generated by org.testng.reporters.JUnitReportReporter -->
<testsuite hostname="EDE-DEV-VM4" failures="0" tests="1" name="SanityTCs.TestCase_111" time="172.963" errors="0" timestamp="2023-12-22T00:10:43 PST" skipped="0">
  <testcase classname="SanityTCs.TestCase_111" name="testCase_111" time="172.963"/>
  <system-out/>
</testsuite> <!-- SanityTCs.TestCase_111 -->
