<?xml version="1.0" encoding="UTF-8"?>
<!-- Generated by org.testng.reporters.JUnitReportReporter -->
<testsuite hostname="JIG-DEV-VDIVM18" failures="0" tests="1" name="ede_partner_testcases4.TestCase_34" time="148.257" errors="0" timestamp="2024-06-01T18:10:47 EDT" skipped="0">
  <testcase classname="ede_partner_testcases4.TestCase_34" name="TestCase_34" time="148.257"/>
  <system-out/>
</testsuite> <!-- ede_partner_testcases4.TestCase_34 -->
