<?xml version="1.0" encoding="UTF-8"?>
<!-- Generated by org.testng.reporters.JUnitReportReporter -->
<testsuite hostname="JIG-DEV-VDIVM18" failures="0" tests="1" name="ede_partner_testcases4.TestCase_35" time="323.947" errors="0" timestamp="2024-06-01T20:54:32 EDT" skipped="0">
  <testcase classname="ede_partner_testcases4.TestCase_35" name="TestCase_35" time="323.947"/>
  <system-out/>
</testsuite> <!-- ede_partner_testcases4.TestCase_35 -->
