<?xml version="1.0" encoding="UTF-8"?>
<!-- Generated by org.testng.reporters.JUnitReportReporter -->
<testsuite hostname="EDE-DEV-VM4" failures="0" tests="1" name="ede_partner_testcases.TestCase_129" time="399.247" errors="0" timestamp="2023-12-01T07:04:24 PST" skipped="0">
  <testcase classname="ede_partner_testcases.TestCase_129" name="testCase_129" time="399.247"/>
  <system-out/>
</testsuite> <!-- ede_partner_testcases.TestCase_129 -->
