<?xml version="1.0" encoding="UTF-8"?>
<!-- Generated by org.testng.reporters.JUnitReportReporter -->
<testsuite hostname="EDE-DEV-VM4" failures="0" tests="1" name="ede_partner_testcases3.TestCase_82" time="202.031" errors="0" timestamp="2024-01-11T10:30:48 PST" skipped="0">
  <testcase classname="ede_partner_testcases3.TestCase_82" name="testCase_82" time="202.031"/>
  <system-out/>
</testsuite> <!-- ede_partner_testcases3.TestCase_82 -->
