<?xml version="1.0" encoding="UTF-8"?>
<!-- Generated by org.testng.reporters.JUnitReportReporter -->
<testsuite hostname="EDE-DEV-VM4" failures="0" tests="1" name="ede_partner_testcases4.TestCase_27" time="321.482" errors="0" timestamp="2024-05-23T05:14:43 PDT" skipped="0">
  <testcase classname="ede_partner_testcases4.TestCase_27" name="TestCase_27" time="321.482"/>
  <system-out/>
</testsuite> <!-- ede_partner_testcases4.TestCase_27 -->
