<?xml version="1.0" encoding="UTF-8"?>
<!-- Generated by org.testng.reporters.JUnitReportReporter -->
<testsuite hostname="JIG-DEV-VDIVM18" failures="0" tests="1" name="ede_partner_testcases3.TestCase_78" time="291.950" errors="0" timestamp="2024-06-03T15:27:40 EDT" skipped="0">
  <testcase classname="ede_partner_testcases3.TestCase_78" name="testCase_78" time="291.950"/>
  <system-out/>
</testsuite> <!-- ede_partner_testcases3.TestCase_78 -->
