<?xml version="1.0" encoding="UTF-8"?>
<!-- Generated by org.testng.reporters.JUnitReportReporter -->
<testsuite hostname="JIG-DEV-VDIVM18" failures="0" tests="1" name="ede_partner_testcases3.TestCase_63" time="315.156" errors="0" timestamp="2024-06-01T15:15:20 EDT" skipped="0">
  <testcase classname="ede_partner_testcases3.TestCase_63" name="testCase_63" time="315.156"/>
  <system-out/>
</testsuite> <!-- ede_partner_testcases3.TestCase_63 -->
