<?xml version="1.0" encoding="UTF-8"?>
<!-- Generated by org.testng.reporters.JUnitReportReporter -->
<testsuite hostname="EDE-DEV-VM4" failures="0" tests="1" name="SanityTCs.TestCase_112" time="182.767" errors="0" timestamp="2023-12-22T00:14:37 PST" skipped="0">
  <testcase classname="SanityTCs.TestCase_112" name="testCase_112" time="182.767"/>
  <system-out/>
</testsuite> <!-- SanityTCs.TestCase_112 -->
