<?xml version="1.0" encoding="UTF-8"?>
<!-- Generated by org.testng.reporters.JUnitReportReporter -->
<testsuite hostname="EDE-DEV-VM4" failures="0" tests="1" name="SanityTCs.TestCase_110" time="262.193" errors="0" timestamp="2023-12-22T00:05:09 PST" skipped="0">
  <testcase classname="SanityTCs.TestCase_110" name="testCase_110" time="262.193"/>
  <system-out/>
</testsuite> <!-- SanityTCs.TestCase_110 -->
