<?xml version="1.0" encoding="UTF-8"?>
<!-- Generated by org.testng.reporters.JUnitReportReporter -->
<testsuite hostname="EDE-DEV-VM4" failures="0" tests="1" name="ede_partner_testcases4.TestCase_158" time="245.721" errors="0" timestamp="2024-05-16T05:30:01 PDT" skipped="0">
  <testcase classname="ede_partner_testcases4.TestCase_158" name="testCase_158" time="245.721"/>
  <system-out/>
</testsuite> <!-- ede_partner_testcases4.TestCase_158 -->
