<?xml version="1.0" encoding="UTF-8"?>
<!-- Generated by org.testng.reporters.JUnitReportReporter -->
<testsuite hostname="EDE-DEV-VM4" failures="0" tests="1" name="ede_partner_testcases3.TestCase_81" time="176.686" errors="0" timestamp="2024-01-11T08:37:20 PST" skipped="0">
  <testcase classname="ede_partner_testcases3.TestCase_81" name="testCase_81" time="176.686"/>
  <system-out/>
</testsuite> <!-- ede_partner_testcases3.TestCase_81 -->
