<?xml version="1.0" encoding="UTF-8"?>
<!-- Generated by org.testng.reporters.JUnitReportReporter -->
<testsuite hostname="EDE-DEV-VM4" failures="0" tests="1" name="ede_partner_testcases4.TestCase_102" time="158.989" errors="0" timestamp="2024-05-21T02:52:14 PDT" skipped="0">
  <testcase classname="ede_partner_testcases4.TestCase_102" name="testCase_102" time="158.989"/>
  <system-out/>
</testsuite> <!-- ede_partner_testcases4.TestCase_102 -->
