<?xml version="1.0" encoding="UTF-8"?>
<!-- Generated by org.testng.reporters.JUnitReportReporter -->
<testsuite hostname="EDE-DEV-VM4" failures="0" tests="1" name="ede_partner_testcases.TestCase_48" time="460.171" errors="0" timestamp="2023-11-30T07:14:45 PST" skipped="0">
  <testcase classname="ede_partner_testcases.TestCase_48" name="testCase_48" time="460.171"/>
  <system-out/>
</testsuite> <!-- ede_partner_testcases.TestCase_48 -->
