<?xml version="1.0" encoding="UTF-8"?>
<!-- Generated by org.testng.reporters.JUnitReportReporter -->
<testsuite hostname="EDE-DEV-VM4" failures="0" tests="1" name="ede_partner_testcases.TestCase_113" time="392.239" errors="0" timestamp="2023-12-01T02:43:03 PST" skipped="0">
  <testcase classname="ede_partner_testcases.TestCase_113" name="testCase_113" time="392.239"/>
  <system-out/>
</testsuite> <!-- ede_partner_testcases.TestCase_113 -->
