<?xml version="1.0" encoding="UTF-8"?>
<!-- Generated by org.testng.reporters.JUnitReportReporter -->
<testsuite hostname="EDE-DEV-VM4" failures="0" tests="1" name="ede_partner_testcases2.TestCase_46" time="386.504" errors="0" timestamp="2023-11-28T09:52:41 PST" skipped="0">
  <testcase classname="ede_partner_testcases2.TestCase_46" name="testCase_46" time="386.504"/>
  <system-out/>
</testsuite> <!-- ede_partner_testcases2.TestCase_46 -->
