<?xml version="1.0" encoding="UTF-8"?>
<!-- Generated by org.testng.reporters.JUnitReportReporter -->
<testsuite hostname="JIG-DEV-VDIVM18" failures="0" tests="1" name="ede_partner_testcases.TestCase_77" time="326.314" errors="0" timestamp="2024-06-03T13:52:14 EDT" skipped="0">
  <testcase classname="ede_partner_testcases.TestCase_77" name="testCase_77" time="326.314"/>
  <system-out/>
</testsuite> <!-- ede_partner_testcases.TestCase_77 -->
