<?xml version="1.0" encoding="UTF-8"?>
<!-- Generated by org.testng.reporters.JUnitReportReporter -->
<testsuite hostname="EDE-DEV-VM4" failures="0" tests="1" name="ede_partner_testcases4.TestCase_157" time="195.421" errors="0" timestamp="2024-05-16T04:58:41 PDT" skipped="0">
  <testcase classname="ede_partner_testcases4.TestCase_157" name="testCase_157" time="195.421"/>
  <system-out/>
</testsuite> <!-- ede_partner_testcases4.TestCase_157 -->
