<?xml version="1.0" encoding="UTF-8"?>
<!-- Generated by org.testng.reporters.JUnitReportReporter -->
<testsuite hostname="EDE-DEV-VM3" failures="0" tests="1" name="ede_ph_1.TestCase1_F" time="815.788" errors="0" timestamp="2023-09-19T10:53:45 PDT" skipped="0">
  <testcase classname="ede_ph_1.TestCase1_F" name="testCase1_F" time="815.788"/>
  <system-out/>
</testsuite> <!-- ede_ph_1.TestCase1_F -->
