<?xml version="1.0" encoding="UTF-8"?>
<!-- Generated by org.testng.reporters.JUnitReportReporter -->
<testsuite hostname="EDE-DEV-VM4" failures="0" tests="1" name="ede_partner_testcases4.TestCase_120" time="342.047" errors="0" timestamp="2024-05-15T10:24:54 PDT" skipped="0">
  <testcase classname="ede_partner_testcases4.TestCase_120" name="testCase_120" time="342.047"/>
  <system-out/>
</testsuite> <!-- ede_partner_testcases4.TestCase_120 -->
