<?xml version="1.0" encoding="UTF-8"?>
<!-- Generated by org.testng.reporters.JUnitReportReporter -->
<testsuite hostname="EDE-DEV-VM4" failures="0" tests="1" name="ede_partner_testcases.TestCase_135" time="466.716" errors="0" timestamp="2023-12-01T07:43:25 PST" skipped="0">
  <testcase classname="ede_partner_testcases.TestCase_135" name="testCase_135" time="466.716"/>
  <system-out/>
</testsuite> <!-- ede_partner_testcases.TestCase_135 -->
