<?xml version="1.0" encoding="UTF-8"?>
<!-- Generated by org.testng.reporters.JUnitReportReporter -->
<testsuite hostname="EDE-DEV-VM4" failures="0" tests="1" name="SanityTCs.TestCase_88" time="257.533" errors="0" timestamp="2023-12-21T00:08:22 PST" skipped="0">
  <testcase classname="SanityTCs.TestCase_88" name="testCase_88" time="257.533"/>
  <system-out/>
</testsuite> <!-- SanityTCs.TestCase_88 -->
