<?xml version="1.0" encoding="UTF-8"?>
<!-- Generated by org.testng.reporters.JUnitReportReporter -->
<testsuite hostname="EDE-DEV-VM3" failures="0" tests="1" name="ede_ph_2.TestCase2_G" time="1296.595" errors="0" timestamp="2023-09-20T11:58:35 PDT" skipped="0">
  <testcase classname="ede_ph_2.TestCase2_G" name="testCase2_G" time="1296.595"/>
  <system-out/>
</testsuite> <!-- ede_ph_2.TestCase2_G -->
