<?xml version="1.0" encoding="UTF-8"?>
<!-- Generated by org.testng.reporters.JUnitReportReporter -->
<testsuite hostname="EDE-DEV-VM4" failures="0" tests="1" name="ede_ph_2.TestCase2_D" time="431.780" errors="0" timestamp="2023-11-24T10:25:51 PST" skipped="0">
  <testcase classname="ede_ph_2.TestCase2_D" name="testCase2_D" time="431.780"/>
  <system-out/>
</testsuite> <!-- ede_ph_2.TestCase2_D -->
