<?xml version="1.0" encoding="UTF-8"?>
<!-- Generated by org.testng.reporters.JUnitReportReporter -->
<testsuite hostname="EDE-DEV-VM4" failures="0" tests="1" name="SanityTCs.TestCase_86" time="296.923" errors="0" timestamp="2023-12-20T23:57:00 PST" skipped="0">
  <testcase classname="SanityTCs.TestCase_86" name="testCase_86" time="296.923"/>
  <system-out/>
</testsuite> <!-- SanityTCs.TestCase_86 -->
