<?xml version="1.0" encoding="UTF-8"?>
<!-- Generated by org.testng.reporters.JUnitReportReporter -->
<testsuite hostname="PC155" failures="0" tests="1" name="ede_qa_tests.TestCase2_G" time="1130.263" errors="0" timestamp="2021-03-30T15:03:55 PKT" skipped="0">
  <testcase classname="ede_qa_tests.TestCase2_G" name="testCase2_G" time="1130.263"/>
  <system-out/>
</testsuite> <!-- ede_qa_tests.TestCase2_G -->
