<?xml version="1.0" encoding="UTF-8"?>
<!-- Generated by org.testng.reporters.JUnitReportReporter -->
<testsuite hostname="EDE-DEV-VM4" failures="0" tests="1" name="ede_partner_testcases3.TestCase_86" time="296.437" errors="0" timestamp="2024-01-11T09:27:19 PST" skipped="0">
  <testcase classname="ede_partner_testcases3.TestCase_86" name="testCase_86" time="296.437"/>
  <system-out/>
</testsuite> <!-- ede_partner_testcases3.TestCase_86 -->
