<?xml version="1.0" encoding="UTF-8"?>
<!-- Generated by org.testng.reporters.JUnitReportReporter -->
<testsuite hostname="JIG-DEV-VDIVM18" failures="0" tests="1" name="ede_partner_testcases3.TestCase_62" time="278.802" errors="0" timestamp="2024-06-01T15:06:07 EDT" skipped="0">
  <testcase classname="ede_partner_testcases3.TestCase_62" name="testCase_62" time="278.802"/>
  <system-out/>
</testsuite> <!-- ede_partner_testcases3.TestCase_62 -->
