<?xml version="1.0" encoding="UTF-8"?>
<!-- Generated by org.testng.reporters.JUnitReportReporter -->
<testsuite hostname="EDE-DEV-VM4" failures="0" tests="1" name="ede_partner_testcases.TestCase_43" time="355.262" errors="0" timestamp="2023-11-30T08:03:00 PST" skipped="0">
  <testcase classname="ede_partner_testcases.TestCase_43" name="TestCase_43" time="355.262"/>
  <system-out/>
</testsuite> <!-- ede_partner_testcases.TestCase_43 -->
