<?xml version="1.0" encoding="UTF-8"?>
<!-- Generated by org.testng.reporters.JUnitReportReporter -->
<testsuite hostname="EDE-DEV-VM3" failures="0" tests="1" name="ede_ph_3.TestCase3_F" time="1070.739" errors="0" timestamp="2023-09-20T12:57:44 PDT" skipped="0">
  <testcase classname="ede_ph_3.TestCase3_F" name="testCase3_F" time="1070.739"/>
  <system-out/>
</testsuite> <!-- ede_ph_3.TestCase3_F -->
