<?xml version="1.0" encoding="UTF-8"?>
<!-- Generated by org.testng.reporters.JUnitReportReporter -->
<testsuite hostname="EDE-DEV-VM4" failures="0" tests="1" name="ede_partner_testcases4.TestCase_105" time="179.824" errors="0" timestamp="2024-05-21T04:10:45 PDT" skipped="0">
  <testcase classname="ede_partner_testcases4.TestCase_105" name="testCase_105" time="179.824"/>
  <system-out/>
</testsuite> <!-- ede_partner_testcases4.TestCase_105 -->
