<?xml version="1.0" encoding="UTF-8"?>
<!-- Generated by org.testng.reporters.JUnitReportReporter -->
<testsuite hostname="EDE-DEV-VM4" failures="0" tests="1" name="ede_partner_testcases3.TestCase_80" time="232.274" errors="0" timestamp="2024-01-11T10:52:45 PST" skipped="0">
  <testcase classname="ede_partner_testcases3.TestCase_80" name="testCase_80" time="232.274"/>
  <system-out/>
</testsuite> <!-- ede_partner_testcases3.TestCase_80 -->
