<?xml version="1.0" encoding="UTF-8"?>
<!-- Generated by org.testng.reporters.JUnitReportReporter -->
<testsuite hostname="JIG-DEV-VDIVM18" failures="0" tests="1" name="ede_partner_testcases3.TestCase_80" time="221.632" errors="0" timestamp="2024-06-03T17:08:11 EDT" skipped="0">
  <testcase classname="ede_partner_testcases3.TestCase_80" name="testCase_80" time="221.632"/>
  <system-out/>
</testsuite> <!-- ede_partner_testcases3.TestCase_80 -->
