<?xml version="1.0" encoding="UTF-8"?>
<!-- Generated by org.testng.reporters.JUnitReportReporter -->
<testsuite hostname="EDE-DEV-VM4" failures="0" tests="1" name="ede_partner_testcases.TestCase_162" time="448.791" errors="0" timestamp="2023-12-04T03:00:27 PST" skipped="0">
  <testcase classname="ede_partner_testcases.TestCase_162" name="testCase_162" time="448.791"/>
  <system-out/>
</testsuite> <!-- ede_partner_testcases.TestCase_162 -->
