<?xml version="1.0" encoding="UTF-8"?>
<!-- Generated by org.testng.reporters.JUnitReportReporter -->
<testsuite hostname="EDE-DEV-VM4" failures="0" tests="1" name="ede_partner_testcases.TestCase_171" time="467.572" errors="0" timestamp="2023-12-06T07:25:37 PST" skipped="0">
  <testcase classname="ede_partner_testcases.TestCase_171" name="testCase_171" time="467.572"/>
  <system-out/>
</testsuite> <!-- ede_partner_testcases.TestCase_171 -->
