<?xml version="1.0" encoding="UTF-8"?>
<!-- Generated by org.testng.reporters.JUnitReportReporter -->
<testsuite hostname="EDE-DEV-VM4" failures="0" tests="1" name="ede_partner_testcases3.TestCase_84" time="244.658" errors="0" timestamp="2024-01-11T08:52:24 PST" skipped="0">
  <testcase classname="ede_partner_testcases3.TestCase_84" name="testCase_84" time="244.658"/>
  <system-out/>
</testsuite> <!-- ede_partner_testcases3.TestCase_84 -->
