<?xml version="1.0" encoding="UTF-8"?>
<!-- Generated by org.testng.reporters.JUnitReportReporter -->
<testsuite hostname="EDE-DEV-VM4" failures="0" tests="1" name="ede_partner_testcases4.TestCase_154" time="373.913" errors="0" timestamp="2024-05-16T03:29:59 PDT" skipped="0">
  <testcase classname="ede_partner_testcases4.TestCase_154" name="TestCase_154" time="373.913"/>
  <system-out/>
</testsuite> <!-- ede_partner_testcases4.TestCase_154 -->
