<?xml version="1.0" encoding="UTF-8"?>
<!-- Generated by org.testng.reporters.JUnitReportReporter -->
<testsuite hostname="EDE-DEV-VM4" failures="0" tests="1" name="ede_partner_testcases3.TestCase_83" time="195.497" errors="0" timestamp="2024-01-11T08:29:39 PST" skipped="0">
  <testcase classname="ede_partner_testcases3.TestCase_83" name="testCase_83" time="195.497"/>
  <system-out/>
</testsuite> <!-- ede_partner_testcases3.TestCase_83 -->
