<?xml version="1.0" encoding="UTF-8"?>
<!-- Generated by org.testng.reporters.JUnitReportReporter -->
<testsuite hostname="PC155" failures="1" tests="1" name="mini_audit_scenario.MiniAuditScenario" time="1303.976" errors="0" timestamp="2022-02-25T00:03:17 PKT" skipped="0">
  <testcase classname="mini_audit_scenario.MiniAuditScenario" name="testCase_39" time="1303.976">
    <failure message="Failed to verify: Have any of these people been offered an individual coverage HRA or Qualified Small Employer Health Reimbursement Arrangement (QSEHRA) with a start date between Dec 27, 2021 and Apr 26, 2022? expected [Have any of these people been offered an individual coverage HRA or Qualified Small Employer Health Reimbursement Arrangement (QSEHRA) with a start date between Dec 26, 2021 and Apr 25, 2022?] but found [Have any of these people been offered an individual coverage HRA or Qualified Small Employer Health Reimbursement Arrangement (QSEHRA) with a start date between Dec 27, 2021 and Apr 26, 2022?]" type="java.lang.AssertionError">
      <![CDATA[java.lang.AssertionError: Failed to verify: Have any of these people been offered an individual coverage HRA or Qualified Small Employer Health Reimbursement Arrangement (QSEHRA) with a start date between Dec 27, 2021 and Apr 26, 2022? expected [Have any of these people been offered an individual coverage HRA or Qualified Small Employer Health Reimbursement Arrangement (QSEHRA) with a start date between Dec 26, 2021 and Apr 25, 2022?] but found [Have any of these people been offered an individual coverage HRA or Qualified Small Employer Health Reimbursement Arrangement (QSEHRA) with a start date between Dec 27, 2021 and Apr 26, 2022?]
at org.testng.Assert.fail(Assert.java:97)
at org.testng.Assert.assertEqualsImpl(Assert.java:136)
at org.testng.Assert.assertEquals(Assert.java:118)
at org.testng.Assert.assertEquals(Assert.java:575)
at pages.CommonMethodPage.verifyS069D(CommonMethodPage.java:1340)
at mini_audit_scenario.MiniAuditScenario.testCase_39(MiniAuditScenario.java:797)
at java.base/jdk.internal.reflect.NativeMethodAccessorImpl.invoke0(Native Method)
at java.base/jdk.internal.reflect.NativeMethodAccessorImpl.invoke(NativeMethodAccessorImpl.java:64)
at java.base/jdk.internal.reflect.DelegatingMethodAccessorImpl.invoke(DelegatingMethodAccessorImpl.java:43)
at java.base/java.lang.reflect.Method.invoke(Method.java:564)
at org.testng.internal.MethodInvocationHelper.invokeMethod(MethodInvocationHelper.java:134)
at org.testng.internal.TestInvoker.invokeMethod(TestInvoker.java:597)
at org.testng.internal.TestInvoker.invokeTestMethod(TestInvoker.java:173)
at org.testng.internal.MethodRunner.runInSequence(MethodRunner.java:46)
at org.testng.internal.TestInvoker$MethodInvocationAgent.invoke(TestInvoker.java:816)
at org.testng.internal.TestInvoker.invokeTestMethods(TestInvoker.java:146)
at org.testng.internal.TestMethodWorker.invokeTestMethods(TestMethodWorker.java:146)
at org.testng.internal.TestMethodWorker.run(TestMethodWorker.java:128)
at java.base/java.util.ArrayList.forEach(ArrayList.java:1511)
at org.testng.TestRunner.privateRun(TestRunner.java:766)
at org.testng.TestRunner.run(TestRunner.java:587)
at org.testng.SuiteRunner.runTest(SuiteRunner.java:384)
at org.testng.SuiteRunner.runSequentially(SuiteRunner.java:378)
at org.testng.SuiteRunner.privateRun(SuiteRunner.java:337)
at org.testng.SuiteRunner.run(SuiteRunner.java:286)
at org.testng.SuiteRunnerWorker.runSuite(SuiteRunnerWorker.java:53)
at org.testng.SuiteRunnerWorker.run(SuiteRunnerWorker.java:96)
at org.testng.TestNG.runSuitesSequentially(TestNG.java:1187)
at org.testng.TestNG.runSuitesLocally(TestNG.java:1109)
at org.testng.TestNG.runSuites(TestNG.java:1039)
at org.testng.TestNG.run(TestNG.java:1007)
at org.testng.remote.AbstractRemoteTestNG.run(AbstractRemoteTestNG.java:115)
at org.testng.remote.RemoteTestNG.initAndRun(RemoteTestNG.java:251)
at org.testng.remote.RemoteTestNG.main(RemoteTestNG.java:77)
]]>
    </failure>
  </testcase> <!-- testCase_39 -->
  <system-out/>
</testsuite> <!-- mini_audit_scenario.MiniAuditScenario -->
