<?xml version="1.0" encoding="UTF-8"?>
<!-- Generated by org.testng.reporters.JUnitReportReporter -->
<testsuite hostname="EDE-DEV-VM4" failures="0" tests="1" name="ede_ph_2.TestCase2_F" time="424.891" errors="0" timestamp="2023-11-24T10:59:52 PST" skipped="0">
  <testcase classname="ede_ph_2.TestCase2_F" name="testCase2_F" time="424.891"/>
  <system-out/>
</testsuite> <!-- ede_ph_2.TestCase2_F -->
