<?xml version="1.0" encoding="UTF-8"?>
<!-- Generated by org.testng.reporters.JUnitReportReporter -->
<testsuite hostname="EDE-DEV-VM4" failures="0" tests="1" name="SanityTCs.TestCase_90" time="218.726" errors="0" timestamp="2023-12-21T00:16:15 PST" skipped="0">
  <testcase classname="SanityTCs.TestCase_90" name="testCase_90" time="218.726"/>
  <system-out/>
</testsuite> <!-- SanityTCs.TestCase_90 -->
