<?xml version="1.0" encoding="UTF-8"?>
<!-- Generated by org.testng.reporters.JUnitReportReporter -->
<testsuite hostname="EDE-DEV-VM4" failures="0" tests="1" name="SanityTCs.TestCase_89" time="175.059" errors="0" timestamp="2023-12-21T00:12:04 PST" skipped="0">
  <testcase classname="SanityTCs.TestCase_89" name="testCase_89" time="175.059"/>
  <system-out/>
</testsuite> <!-- SanityTCs.TestCase_89 -->
