<?xml version="1.0" encoding="UTF-8"?>
<!-- Generated by org.testng.reporters.JUnitReportReporter -->
<testsuite hostname="JIG-DEV-VDIVM18" failures="0" tests="1" name="ede_partner_testcases3.TestCase_65" time="249.551" errors="0" timestamp="2024-06-01T16:54:09 EDT" skipped="0">
  <testcase classname="ede_partner_testcases3.TestCase_65" name="testCase_65" time="249.551"/>
  <system-out/>
</testsuite> <!-- ede_partner_testcases3.TestCase_65 -->
