<?xml version="1.0" encoding="UTF-8"?>
<!-- Generated by org.testng.reporters.JUnitReportReporter -->
<testsuite hostname="PC155" failures="0" tests="1" name="ede_ph_2.TestCase1_E" time="530.249" errors="0" timestamp="2021-07-19T20:29:49 PKT" skipped="0">
  <testcase classname="ede_ph_2.TestCase1_E" name="testCase1_E" time="530.249"/>
  <system-out/>
</testsuite> <!-- ede_ph_2.TestCase1_E -->
