<?xml version="1.0" encoding="UTF-8"?>
<!-- Generated by org.testng.reporters.JUnitReportReporter -->
<testsuite hostname="EDE-DEV-VM4" failures="0" tests="1" name="ede_partner_testcases3.TestCase_88" time="263.535" errors="0" timestamp="2024-01-11T09:43:46 PST" skipped="0">
  <testcase classname="ede_partner_testcases3.TestCase_88" name="testCase_88" time="263.535"/>
  <system-out/>
</testsuite> <!-- ede_partner_testcases3.TestCase_88 -->
