<?xml version="1.0" encoding="UTF-8"?>
<!-- Generated by org.testng.reporters.JUnitReportReporter -->
<testsuite hostname="EDE-DEV-VM4" failures="0" tests="1" name="ede_partner_testcases.TestCase_77" time="359.708" errors="0" timestamp="2023-11-30T06:35:43 PST" skipped="0">
  <testcase classname="ede_partner_testcases.TestCase_77" name="testCase_77" time="359.708"/>
  <system-out/>
</testsuite> <!-- ede_partner_testcases.TestCase_77 -->
