<?xml version="1.0" encoding="UTF-8"?>
<!-- Generated by org.testng.reporters.JUnitReportReporter -->
<testsuite hostname="EDE-DEV-VM4" failures="0" tests="1" name="ede_partner_testcases4.TestCase_110" time="263.452" errors="0" timestamp="2024-05-15T07:39:15 PDT" skipped="0">
  <testcase classname="ede_partner_testcases4.TestCase_110" name="testCase_110" time="263.452"/>
  <system-out/>
</testsuite> <!-- ede_partner_testcases4.TestCase_110 -->
