<?xml version="1.0" encoding="UTF-8"?>
<!-- Generated by org.testng.reporters.JUnitReportReporter -->
<testsuite hostname="EDE-DEV-VM4" failures="0" tests="1" name="ede_partner_testcases.TestCase_38" time="447.775" errors="0" timestamp="2023-11-30T10:08:38 PST" skipped="0">
  <testcase classname="ede_partner_testcases.TestCase_38" name="testCase_38" time="447.775"/>
  <system-out/>
</testsuite> <!-- ede_partner_testcases.TestCase_38 -->
