<?xml version="1.0" encoding="UTF-8"?>
<!-- Generated by org.testng.reporters.JUnitReportReporter -->
<testsuite hostname="EDE-DEV-VM4" failures="0" tests="1" name="ede_partner_testcases4.TestCase_159" time="335.981" errors="0" timestamp="2024-05-20T08:30:31 PDT" skipped="0">
  <testcase classname="ede_partner_testcases4.TestCase_159" name="TestCase_159" time="335.981"/>
  <system-out/>
</testsuite> <!-- ede_partner_testcases4.TestCase_159 -->
