<?xml version="1.0" encoding="UTF-8"?>
<!-- Generated by org.testng.reporters.JUnitReportReporter -->
<testsuite hostname="EDE-DEV-VM4" failures="0" tests="1" name="ede_ph_2.TestCase2_B" time="337.230" errors="0" timestamp="2023-11-24T07:03:28 PST" skipped="0">
  <testcase classname="ede_ph_2.TestCase2_B" name="testCase2_B" time="337.230"/>
  <system-out/>
</testsuite> <!-- ede_ph_2.TestCase2_B -->
