<?xml version="1.0" encoding="UTF-8"?>
<!-- Generated by org.testng.reporters.JUnitReportReporter -->
<testsuite hostname="EDE-DEV-VM4" failures="0" tests="1" name="ede_partner_testcases4.TestCase_30" time="205.928" errors="0" timestamp="2024-05-20T12:20:17 PDT" skipped="0">
  <testcase classname="ede_partner_testcases4.TestCase_30" name="TestCase_30" time="205.928"/>
  <system-out/>
</testsuite> <!-- ede_partner_testcases4.TestCase_30 -->
