<?xml version="1.0" encoding="UTF-8"?>
<!-- Generated by org.testng.reporters.JUnitReportReporter -->
<testsuite hostname="JIG-DEV-VDIVM18" failures="0" tests="1" name="ede_partner_testcases4.TestCase_119" time="251.831" errors="0" timestamp="2024-06-05T15:44:42 EDT" skipped="0">
  <testcase classname="ede_partner_testcases4.TestCase_119" name="testCase_119" time="251.831"/>
  <system-out/>
</testsuite> <!-- ede_partner_testcases4.TestCase_119 -->
